<?xml version="1.0" encoding="UTF-8"?>
<!-- Generated by org.testng.reporters.JUnitReportReporter -->
<testsuite skipped="0" hostname="L5152N13" name="Java8Concept.FindMinAndMax" tests="1" failures="0" timestamp="2022-09-06T19:41:11 IST" time="0.010" errors="0">
  <testcase name="example1" time="0.010" classname="Java8Concept.FindMinAndMax"/>
  <system-out/>
</testsuite> <!-- Java8Concept.FindMinAndMax -->
