<?xml version="1.0" encoding="UTF-8"?>
<!-- Generated by org.testng.reporters.JUnitReportReporter -->
<testsuite skipped="0" hostname="L5152N13" name="practice.FibonacciSeries" tests="3" failures="0" timestamp="2022-09-01T19:26:14 IST" time="0.000" errors="0">
  <testcase name="example3" time="0.000" classname="practice.FibonacciSeries"/>
  <system-out/>
  <testcase name="example2" time="0.000" classname="practice.FibonacciSeries"/>
  <system-out/>
  <testcase name="example1" time="0.000" classname="practice.FibonacciSeries"/>
  <system-out/>
</testsuite> <!-- practice.FibonacciSeries -->
