<?xml version="1.0" encoding="UTF-8"?>
<!-- Generated by org.testng.reporters.JUnitReportReporter -->
<testsuite skipped="0" hostname="L5152N13" name="practice.Palindrome" tests="1" failures="0" timestamp="2022-09-01T20:51:24 IST" time="153.476" errors="0">
  <testcase name="example3" time="153.476" classname="practice.Palindrome"/>
  <system-out/>
</testsuite> <!-- practice.Palindrome -->
