<?xml version="1.0" encoding="UTF-8"?>
<!-- Generated by org.testng.reporters.JUnitReportReporter -->
<testsuite skipped="0" hostname="L5152N13" name="string.countWords" tests="1" failures="0" timestamp="2022-09-03T12:55:23 IST" time="0.008" errors="0">
  <testcase name="example1" time="0.008" classname="string.countWords"/>
  <system-out/>
</testsuite> <!-- string.countWords -->
