<?xml version="1.0" encoding="UTF-8"?>
<!-- Generated by org.testng.reporters.JUnitReportReporter -->
<testsuite hostname="L5152N13" failures="0" tests="1" name="Java8Practice.FindMinAndMax" time="0.012" errors="0" timestamp="2022-09-29T17:11:04 IST" skipped="0">
  <testcase classname="Java8Practice.FindMinAndMax" name="example1" time="0.012"/>
  <system-out/>
</testsuite> <!-- Java8Practice.FindMinAndMax -->
