<?xml version="1.0" encoding="UTF-8"?>
<!-- Generated by org.testng.reporters.JUnitReportReporter -->
<testsuite hostname="L5152N13" failures="0" tests="3" name="Java8Practice.StreamMethod" time="0.035" errors="0" timestamp="2022-09-30T09:55:53 IST" skipped="0">
  <testcase classname="Java8Practice.StreamMethod" name="parallelStr" time="0.011"/>
  <system-out/>
  <testcase classname="Java8Practice.StreamMethod" name="foreach" time="0.020"/>
  <system-out/>
  <testcase classname="Java8Practice.StreamMethod" name="streamBuilderMethod" time="0.004"/>
  <system-out/>
</testsuite> <!-- Java8Practice.StreamMethod -->
