<?xml version="1.0" encoding="UTF-8"?>
<!-- Generated by org.testng.reporters.JUnitReportReporter -->
<testsuite skipped="0" hostname="L5152N13" name="Code_practice.Cold_Coffee_Bottle_Exchange" tests="2" failures="0" timestamp="2022-08-16T08:43:53 IST" time="0.016" errors="0">
  <testcase name="example2" time="0.000" classname="Code_practice.Cold_Coffee_Bottle_Exchange"/>
  <system-out/>
  <testcase name="example1" time="0.016" classname="Code_practice.Cold_Coffee_Bottle_Exchange"/>
  <system-out/>
</testsuite> <!-- Code_practice.Cold_Coffee_Bottle_Exchange -->
