<?xml version="1.0" encoding="UTF-8"?>
<!-- Generated by org.testng.reporters.JUnitReportReporter -->
<testsuite skipped="0" hostname="L5152N13" name="practice.Swap" tests="1" failures="0" timestamp="2022-08-24T12:50:39 IST" time="38.466" errors="0">
  <testcase name="example" time="38.466" classname="practice.Swap"/>
  <system-out/>
</testsuite> <!-- practice.Swap -->
