<?xml version="1.0" encoding="UTF-8"?>
<!-- Generated by org.testng.reporters.JUnitReportReporter -->
<testsuite skipped="0" hostname="L5152N13" name="string.RemoveCharFromString" tests="1" failures="0" timestamp="2022-08-31T18:19:11 IST" time="0.016" errors="0">
  <testcase name="example2" time="0.016" classname="string.RemoveCharFromString"/>
  <system-out/>
</testsuite> <!-- string.RemoveCharFromString -->
