<?xml version="1.0" encoding="UTF-8"?>
<!-- Generated by org.testng.reporters.JUnitReportReporter -->
<testsuite hostname="L5152N13" failures="0" tests="1" name="java8Stream.StreamPersonReducer" time="0.006" errors="0" timestamp="2022-10-03T08:09:33 IST" skipped="0">
  <testcase classname="java8Stream.StreamPersonReducer" name="intReducer" time="0.006"/>
  <system-out/>
</testsuite> <!-- java8Stream.StreamPersonReducer -->
