<?xml version="1.0" encoding="UTF-8"?>
<!-- Generated by org.testng.reporters.JUnitReportReporter -->
<testsuite skipped="0" hostname="L5152N13" name="string.countWords" tests="1" failures="0" timestamp="2022-08-31T19:33:51 IST" time="0.015" errors="0">
  <testcase name="example1" time="0.015" classname="string.countWords"/>
  <system-out/>
</testsuite> <!-- string.countWords -->
