<?xml version="1.0" encoding="UTF-8"?>
<!-- Generated by org.testng.reporters.JUnitReportReporter -->
<testsuite skipped="0" hostname="L5152N13" name="practice.Palindrome" tests="2" failures="0" timestamp="2022-08-30T08:11:55 IST" time="0.000" errors="0">
  <testcase name="example2" time="0.000" classname="practice.Palindrome"/>
  <system-out/>
  <testcase name="example1" time="0.000" classname="practice.Palindrome"/>
  <system-out/>
</testsuite> <!-- practice.Palindrome -->
