<?xml version="1.0" encoding="UTF-8"?>
<!-- Generated by org.testng.reporters.JUnitReportReporter -->
<testsuite skipped="0" hostname="L5152N13" name="practice.ArmstrongNumber" tests="4" failures="0" timestamp="2022-08-30T07:43:01 IST" time="0.017" errors="0">
  <testcase name="example4" time="0.016" classname="practice.ArmstrongNumber"/>
  <system-out/>
  <testcase name="example1" time="0.000" classname="practice.ArmstrongNumber"/>
  <system-out/>
  <testcase name="example3" time="0.000" classname="practice.ArmstrongNumber"/>
  <system-out/>
  <testcase name="example2" time="0.001" classname="practice.ArmstrongNumber"/>
  <system-out/>
</testsuite> <!-- practice.ArmstrongNumber -->
