<?xml version="1.0" encoding="UTF-8"?>
<!-- Generated by org.testng.reporters.JUnitReportReporter -->
<testsuite hostname="L5152N13" failures="0" tests="1" name="Java8Practice.StreamMethod" time="0.014" errors="0" timestamp="2022-09-29T17:42:48 IST" skipped="0">
  <testcase classname="Java8Practice.StreamMethod" name="parallelStr" time="0.014"/>
  <system-out/>
</testsuite> <!-- Java8Practice.StreamMethod -->
