<?xml version="1.0" encoding="UTF-8"?>
<!-- Generated by org.testng.reporters.JUnitReportReporter -->
<testsuite skipped="0" hostname="L5152N13" name="Thread.CollectionsSynchronized" tests="3" failures="0" timestamp="2022-08-13T15:52:01 IST" time="0.012" errors="0">
  <testcase name="synchronised_Collection" time="0.002" classname="Thread.CollectionsSynchronized"/>
  <system-out/>
  <testcase name="synchronised_List" time="0.001" classname="Thread.CollectionsSynchronized"/>
  <system-out/>
  <testcase name="CopyOnWrite" time="0.009" classname="Thread.CollectionsSynchronized"/>
  <system-out/>
</testsuite> <!-- Thread.CollectionsSynchronized -->
