<?xml version="1.0" encoding="UTF-8"?>
<!-- Generated by org.testng.reporters.JUnitReportReporter -->
<testsuite hostname="L5152N13" failures="0" tests="1" name="Java8Practice.StreamMethod" time="0.011" errors="0" timestamp="2022-09-29T17:03:34 IST" skipped="0">
  <testcase classname="Java8Practice.StreamMethod" name="foreach" time="0.011"/>
  <system-out/>
</testsuite> <!-- Java8Practice.StreamMethod -->
