<?xml version="1.0" encoding="UTF-8"?>
<!-- Generated by org.testng.reporters.JUnitReportReporter -->
<testsuite hostname="L5152N13" failures="0" tests="1" name="java8Stream.StreamArticle" time="0.007" errors="0" timestamp="2022-10-02T12:31:52 IST" skipped="0">
  <testcase classname="java8Stream.StreamArticle" name="forloop" time="0.007"/>
  <system-out/>
</testsuite> <!-- java8Stream.StreamArticle -->
