<?xml version="1.0" encoding="UTF-8"?>
<!-- Generated by org.testng.reporters.JUnitReportReporter -->
<testsuite hostname="L5152N13" failures="0" tests="7" name="Java_Version_8.Java8Practice.StreamMethod" time="0.033" errors="0" timestamp="2022-09-30T17:18:28 IST" skipped="0">
  <testcase classname="Java_Version_8.Java8Practice.StreamMethod" name="streamBuilderMethod" time="0.002"/>
  <system-out/>
  <testcase classname="Java_Version_8.Java8Practice.StreamMethod" name="parallelStr" time="0.008"/>
  <system-out/>
  <testcase classname="Java_Version_8.Java8Practice.StreamMethod" name="example5" time="0.006"/>
  <system-out/>
  <testcase classname="Java_Version_8.Java8Practice.StreamMethod" name="foreach" time="0.006"/>
  <system-out/>
  <testcase classname="Java_Version_8.Java8Practice.StreamMethod" name="example1" time="0.008"/>
  <system-out/>
  <testcase classname="Java_Version_8.Java8Practice.StreamMethod" name="example3" time="0.001"/>
  <system-out/>
  <testcase classname="Java_Version_8.Java8Practice.StreamMethod" name="example2" time="0.002"/>
  <system-out/>
</testsuite> <!-- Java_Version_8.Java8Practice.StreamMethod -->
