<?xml version="1.0" encoding="UTF-8"?>
<!-- Generated by org.testng.reporters.JUnitReportReporter -->
<testsuite skipped="0" hostname="L5152N13" name="string.removeWhiteSpace" tests="1" failures="0" timestamp="2022-09-01T21:30:39 IST" time="0.009" errors="0">
  <testcase name="example1" time="0.009" classname="string.removeWhiteSpace"/>
  <system-out/>
</testsuite> <!-- string.removeWhiteSpace -->
