<?xml version="1.0" encoding="UTF-8"?>
<!-- Generated by org.testng.reporters.JUnitReportReporter -->
<testsuite skipped="0" hostname="L5152N13" name="string.vovel" tests="1" failures="0" timestamp="2022-08-24T16:47:58 IST" time="0.005" errors="0">
  <testcase name="vovelExample" time="0.005" classname="string.vovel"/>
  <system-out/>
</testsuite> <!-- string.vovel -->
