<?xml version="1.0" encoding="UTF-8"?>
<!-- Generated by org.testng.reporters.JUnitReportReporter -->
<testsuite skipped="0" hostname="L5152N13" name="RegexPattern.Stringsplit" tests="1" failures="0" timestamp="2022-09-09T14:40:05 IST" time="0.005" errors="0">
  <testcase name="example1" time="0.005" classname="RegexPattern.Stringsplit"/>
  <system-out/>
</testsuite> <!-- RegexPattern.Stringsplit -->
