<?xml version="1.0" encoding="UTF-8"?>
<!-- Generated by org.testng.reporters.JUnitReportReporter -->
<testsuite hostname="L5152N13" failures="0" tests="1" name="Java_Version_8.Automation.Streamreduce" time="0.008" errors="0" timestamp="2022-09-30T06:19:16 IST" skipped="0">
  <testcase classname="Java_Version_8.Automation.Streamreduce" name="reduceexp1" time="0.008"/>
  <system-out/>
</testsuite> <!-- Java_Version_8.Automation.Streamreduce -->
