<?xml version="1.0" encoding="UTF-8"?>
<!-- Generated by org.testng.reporters.JUnitReportReporter -->
<testsuite skipped="0" hostname="L5152N13" name="Collection_Set.FindDups" tests="1" failures="0" timestamp="2022-09-05T20:28:16 IST" time="0.013" errors="0">
  <testcase name="findDups" time="0.013" classname="Collection_Set.FindDups"/>
  <system-out/>
</testsuite> <!-- Collection_Set.FindDups -->
