<?xml version="1.0" encoding="UTF-8"?>
<!-- Generated by org.testng.reporters.JUnitReportReporter -->
<testsuite hostname="L5152N13" failures="0" tests="1" name="java8Stream.StreamMethod" time="0.007" errors="0" timestamp="2022-10-03T14:59:14 IST" skipped="0">
  <testcase classname="java8Stream.StreamMethod" name="example" time="0.007"/>
  <system-out/>
</testsuite> <!-- java8Stream.StreamMethod -->
