<?xml version="1.0" encoding="UTF-8"?>
<!-- Generated by org.testng.reporters.JUnitReportReporter -->
<testsuite hostname="L5152N13" failures="0" tests="1" name="Java_Version_8.Java8Practice.java8Stream.StreamReducer" time="0.005" errors="0" timestamp="2022-10-02T19:17:36 IST" skipped="0">
  <testcase classname="Java_Version_8.Java8Practice.java8Stream.StreamReducer" name="intReducer" time="0.005"/>
  <system-out/>
</testsuite> <!-- Java_Version_8.Java8Practice.java8Stream.StreamReducer -->
