<?xml version="1.0" encoding="UTF-8"?>
<!-- Generated by org.testng.reporters.JUnitReportReporter -->
<testsuite skipped="0" hostname="L5152N13" name="string.StringDecode" tests="6" failures="0" timestamp="2022-09-04T21:37:17 IST" time="0.024" errors="0">
  <testcase name="example3" time="0.001" classname="string.StringDecode"/>
  <system-out/>
  <testcase name="example2" time="0.001" classname="string.StringDecode"/>
  <system-out/>
  <testcase name="example5" time="0.001" classname="string.StringDecode"/>
  <system-out/>
  <testcase name="example1" time="0.020" classname="string.StringDecode"/>
  <system-out/>
  <testcase name="example6" time="0.001" classname="string.StringDecode"/>
  <system-out/>
  <testcase name="example4" time="0.000" classname="string.StringDecode"/>
  <system-out/>
</testsuite> <!-- string.StringDecode -->
