<?xml version="1.0" encoding="UTF-8"?>
<!-- Generated by org.testng.reporters.JUnitReportReporter -->
<testsuite hostname="L5152N13" failures="0" tests="1" name="Java_Version_8.java8Stream.StreamCollectors" time="0.009" errors="0" timestamp="2022-10-02T21:48:02 IST" skipped="0">
  <testcase classname="Java_Version_8.java8Stream.StreamCollectors" name="minChar" time="0.009"/>
  <system-out/>
</testsuite> <!-- Java_Version_8.java8Stream.StreamCollectors -->
