<?xml version="1.0" encoding="UTF-8"?>
<!-- Generated by org.testng.reporters.JUnitReportReporter -->
<testsuite hostname="L5152N13" failures="0" tests="1" name="Java8Practice.StreamMethod" time="0.008" errors="0" timestamp="2022-09-26T16:00:38 IST" skipped="0">
  <testcase classname="Java8Practice.StreamMethod" name="example1" time="0.008"/>
  <system-out/>
</testsuite> <!-- Java8Practice.StreamMethod -->
