<?xml version="1.0" encoding="UTF-8"?>
<!-- Generated by org.testng.reporters.JUnitReportReporter -->
<testsuite hostname="L5152N13" failures="0" tests="4" name="Java8Practice.StreamCollectors" time="0.016" errors="0" timestamp="2022-09-29T20:33:36 IST" skipped="0">
  <testcase classname="Java8Practice.StreamCollectors" name="minby" time="0.002"/>
  <system-out/>
  <testcase classname="Java8Practice.StreamCollectors" name="maxby" time="0.003"/>
  <system-out/>
  <testcase classname="Java8Practice.StreamCollectors" name="toset" time="0.001"/>
  <system-out/>
  <testcase classname="Java8Practice.StreamCollectors" name="averageingInt" time="0.010"/>
  <system-out/>
</testsuite> <!-- Java8Practice.StreamCollectors -->
