<?xml version="1.0" encoding="UTF-8"?>
<!-- Generated by org.testng.reporters.JUnitReportReporter -->
<testsuite hostname="L5152N13" failures="0" tests="1" name="Java8Practice.StreamCollectors" time="0.010" errors="0" timestamp="2022-09-29T21:22:01 IST" skipped="0">
  <testcase classname="Java8Practice.StreamCollectors" name="partitionby" time="0.010"/>
  <system-out/>
</testsuite> <!-- Java8Practice.StreamCollectors -->
