<?xml version="1.0" encoding="UTF-8"?>
<!-- Generated by org.testng.reporters.JUnitReportReporter -->
<testsuite skipped="0" hostname="L5152N13" name="practice.Anagram" tests="1" failures="0" timestamp="2022-08-31T08:45:26 IST" time="18.881" errors="0">
  <testcase name="example1" time="18.881" classname="practice.Anagram"/>
  <system-out/>
</testsuite> <!-- practice.Anagram -->
