<?xml version="1.0" encoding="UTF-8"?>
<!-- Generated by org.testng.reporters.JUnitReportReporter -->
<testsuite hostname="L5152N13" failures="0" tests="1" name="java8Stream.StreamReducer" time="0.013" errors="0" timestamp="2022-10-02T15:22:52 IST" skipped="0">
  <testcase classname="java8Stream.StreamReducer" name="personReducer" time="0.013"/>
  <system-out/>
</testsuite> <!-- java8Stream.StreamReducer -->
