<?xml version="1.0" encoding="UTF-8"?>
<!-- Generated by org.testng.reporters.JUnitReportReporter -->
<testsuite skipped="0" hostname="L5152N13" name="string.StringReverseWithSpecChar" tests="2" failures="0" timestamp="2022-08-31T17:20:27 IST" time="0.007" errors="0">
  <testcase name="example2" time="0.001" classname="string.StringReverseWithSpecChar"/>
  <system-out/>
  <testcase name="example1" time="0.006" classname="string.StringReverseWithSpecChar"/>
  <system-out/>
</testsuite> <!-- string.StringReverseWithSpecChar -->
